<?xml version="1.0" encoding="UTF-8"?>
<!-- Generated by org.testng.reporters.JUnitReportReporter -->
<testsuite skipped="1" hostname="xinxideMacBook-Pro.local" name="testSuite.EnableTest" tests="7" failures="0" timestamp="22 七月 2018 07:42:12 GMT" time="0.003" errors="0">
  <testcase name="test_dataProvider_xlsx" time="0.000" classname="testSuite.EnableTest"/>
  <testcase name="test_dataProvider_csv" time="0.000" classname="testSuite.EnableTest"/>
  <testcase name="test_dataProvider" time="0.001" classname="testSuite.EnableTest"/>
  <testcase name="test_dataProvider" time="0.001" classname="testSuite.EnableTest"/>
  <testcase name="test_dataProvider_csv" time="0.000" classname="testSuite.EnableTest"/>
  <testcase name="test_1" time="0.001" classname="testSuite.EnableTest"/>
  <testcase name="test_2" classname="testSuite.EnableTest">
    <skipped/>
  </testcase> <!-- test_2 -->
</testsuite> <!-- testSuite.EnableTest -->
