<?xml version="1.0" encoding="UTF-8"?>
<!-- Generated by org.testng.reporters.JUnitReportReporter -->
<testsuite skipped="0" hostname="xinxideMacBook-Pro.local" name="testSuite.DependTest" tests="1" failures="0" timestamp="22 七月 2018 06:45:48 GMT" time="0.000" errors="0">
  <testcase name="test_1" time="0.000" classname="testSuite.DependTest"/>
</testsuite> <!-- testSuite.DependTest -->
